[KotlinSpringBoot-0.0.0.0-8080] 2020-12-18 16:36:51.271 ERROR 29486 [main] org.springframework.boot.SpringApplication Application run failed

java.lang.IllegalStateException: java.lang.IllegalStateException: Logback configuration error detected: 
ERROR in ch.qos.logback.core.joran.spi.Interpreter@4:87 - no applicable action for [springProperty], current ElementPath  is [[configuration][springProperty]]
ERROR in ch.qos.logback.core.joran.spi.Interpreter@6:107 - no applicable action for [springProperty], current ElementPath  is [[configuration][springProperty]]
ERROR in ch.qos.logback.core.joran.spi.Interpreter@7:105 - no applicable action for [springProperty], current ElementPath  is [[configuration][springProperty]]
ERROR in ch.qos.logback.core.joran.spi.Interpreter@8:117 - no applicable action for [springProperty], current ElementPath  is [[configuration][springProperty]]
ERROR in ch.qos.logback.core.joran.spi.Interpreter@9:97 - no applicable action for [springProperty], current ElementPath  is [[configuration][springProperty]]
ERROR in ch.qos.logback.core.joran.util.PropertySetter@4e9ba398 - Failed to invoke valueOf{} method in class [ch.qos.logback.core.util.FileSize] with value [LOG_MAXFILESIZE_IS_UNDEFINED]
ERROR in ch.qos.logback.core.rolling.SizeAndTimeBasedFNATP@527740a2 - maxFileSize property is mandatory.
	at org.springframework.boot.context.logging.LoggingApplicationListener.initializeSystem(LoggingApplicationListener.java:327)
	at org.springframework.boot.context.logging.LoggingApplicationListener.initialize(LoggingApplicationListener.java:281)
	at org.springframework.boot.context.logging.LoggingApplicationListener.onApplicationEnvironmentPreparedEvent(LoggingApplicationListener.java:239)
	at org.springframework.boot.context.logging.LoggingApplicationListener.onApplicationEvent(LoggingApplicationListener.java:216)
	at org.springframework.context.event.SimpleApplicationEventMulticaster.doInvokeListener(SimpleApplicationEventMulticaster.java:172)
	at org.springframework.context.event.SimpleApplicationEventMulticaster.invokeListener(SimpleApplicationEventMulticaster.java:165)
	at org.springframework.context.event.SimpleApplicationEventMulticaster.multicastEvent(SimpleApplicationEventMulticaster.java:139)
	at org.springframework.context.event.SimpleApplicationEventMulticaster.multicastEvent(SimpleApplicationEventMulticaster.java:127)
	at org.springframework.boot.context.event.EventPublishingRunListener.environmentPrepared(EventPublishingRunListener.java:82)
	at org.springframework.boot.SpringApplicationRunListeners.lambda$environmentPrepared$2(SpringApplicationRunListeners.java:63)
	at java.util.ArrayList.forEach(ArrayList.java:1259)
	at org.springframework.boot.SpringApplicationRunListeners.doWithListeners(SpringApplicationRunListeners.java:117)
	at org.springframework.boot.SpringApplicationRunListeners.doWithListeners(SpringApplicationRunListeners.java:111)
	at org.springframework.boot.SpringApplicationRunListeners.environmentPrepared(SpringApplicationRunListeners.java:62)
	at org.springframework.boot.SpringApplication.prepareEnvironment(SpringApplication.java:362)
	at org.springframework.boot.SpringApplication.run(SpringApplication.java:320)
	at org.springframework.boot.SpringApplication.run(SpringApplication.java:1309)
	at org.springframework.boot.SpringApplication.run(SpringApplication.java:1298)
	at com.wang.webapp.WebappApplicationKt.main(WebappApplication.kt:13)
Caused by: java.lang.IllegalStateException: Logback configuration error detected: 
ERROR in ch.qos.logback.core.joran.spi.Interpreter@4:87 - no applicable action for [springProperty], current ElementPath  is [[configuration][springProperty]]
ERROR in ch.qos.logback.core.joran.spi.Interpreter@6:107 - no applicable action for [springProperty], current ElementPath  is [[configuration][springProperty]]
ERROR in ch.qos.logback.core.joran.spi.Interpreter@7:105 - no applicable action for [springProperty], current ElementPath  is [[configuration][springProperty]]
ERROR in ch.qos.logback.core.joran.spi.Interpreter@8:117 - no applicable action for [springProperty], current ElementPath  is [[configuration][springProperty]]
ERROR in ch.qos.logback.core.joran.spi.Interpreter@9:97 - no applicable action for [springProperty], current ElementPath  is [[configuration][springProperty]]
ERROR in ch.qos.logback.core.joran.util.PropertySetter@4e9ba398 - Failed to invoke valueOf{} method in class [ch.qos.logback.core.util.FileSize] with value [LOG_MAXFILESIZE_IS_UNDEFINED]
ERROR in ch.qos.logback.core.rolling.SizeAndTimeBasedFNATP@527740a2 - maxFileSize property is mandatory.
	at org.springframework.boot.logging.logback.LogbackLoggingSystem.loadConfiguration(LogbackLoggingSystem.java:175)
	at org.springframework.boot.logging.AbstractLoggingSystem.initializeWithSpecificConfig(AbstractLoggingSystem.java:66)
	at org.springframework.boot.logging.AbstractLoggingSystem.initialize(AbstractLoggingSystem.java:57)
	at org.springframework.boot.logging.logback.LogbackLoggingSystem.initialize(LogbackLoggingSystem.java:131)
	at org.springframework.boot.context.logging.LoggingApplicationListener.initializeSystem(LoggingApplicationListener.java:315)
	... 18 common frames omitted

[KotlinSpringBoot-ServerIP_IS_UNDEFINED-ServerPort_IS_UNDEFINED] 2020-12-18 16:38:44.832 ERROR 29501 [main] org.springframework.boot.SpringApplication Application run failed

java.lang.IllegalStateException: java.lang.IllegalStateException: Logback configuration error detected: 
ERROR in ch.qos.logback.core.joran.spi.Interpreter@4:87 - no applicable action for [springProperty], current ElementPath  is [[configuration][springProperty]]
ERROR in ch.qos.logback.core.joran.spi.Interpreter@6:107 - no applicable action for [springProperty], current ElementPath  is [[configuration][springProperty]]
ERROR in ch.qos.logback.core.joran.spi.Interpreter@7:105 - no applicable action for [springProperty], current ElementPath  is [[configuration][springProperty]]
ERROR in ch.qos.logback.core.joran.util.PropertySetter@4e9ba398 - Failed to invoke valueOf{} method in class [ch.qos.logback.core.util.FileSize] with value [LOG_MAXFILESIZE_IS_UNDEFINED]
ERROR in ch.qos.logback.core.rolling.SizeAndTimeBasedFNATP@527740a2 - maxFileSize property is mandatory.
	at org.springframework.boot.context.logging.LoggingApplicationListener.initializeSystem(LoggingApplicationListener.java:327)
	at org.springframework.boot.context.logging.LoggingApplicationListener.initialize(LoggingApplicationListener.java:281)
	at org.springframework.boot.context.logging.LoggingApplicationListener.onApplicationEnvironmentPreparedEvent(LoggingApplicationListener.java:239)
	at org.springframework.boot.context.logging.LoggingApplicationListener.onApplicationEvent(LoggingApplicationListener.java:216)
	at org.springframework.context.event.SimpleApplicationEventMulticaster.doInvokeListener(SimpleApplicationEventMulticaster.java:172)
	at org.springframework.context.event.SimpleApplicationEventMulticaster.invokeListener(SimpleApplicationEventMulticaster.java:165)
	at org.springframework.context.event.SimpleApplicationEventMulticaster.multicastEvent(SimpleApplicationEventMulticaster.java:139)
	at org.springframework.context.event.SimpleApplicationEventMulticaster.multicastEvent(SimpleApplicationEventMulticaster.java:127)
	at org.springframework.boot.context.event.EventPublishingRunListener.environmentPrepared(EventPublishingRunListener.java:82)
	at org.springframework.boot.SpringApplicationRunListeners.lambda$environmentPrepared$2(SpringApplicationRunListeners.java:63)
	at java.util.ArrayList.forEach(ArrayList.java:1259)
	at org.springframework.boot.SpringApplicationRunListeners.doWithListeners(SpringApplicationRunListeners.java:117)
	at org.springframework.boot.SpringApplicationRunListeners.doWithListeners(SpringApplicationRunListeners.java:111)
	at org.springframework.boot.SpringApplicationRunListeners.environmentPrepared(SpringApplicationRunListeners.java:62)
	at org.springframework.boot.SpringApplication.prepareEnvironment(SpringApplication.java:362)
	at org.springframework.boot.SpringApplication.run(SpringApplication.java:320)
	at org.springframework.boot.SpringApplication.run(SpringApplication.java:1309)
	at org.springframework.boot.SpringApplication.run(SpringApplication.java:1298)
	at com.wang.webapp.WebappApplicationKt.main(WebappApplication.kt:13)
Caused by: java.lang.IllegalStateException: Logback configuration error detected: 
ERROR in ch.qos.logback.core.joran.spi.Interpreter@4:87 - no applicable action for [springProperty], current ElementPath  is [[configuration][springProperty]]
ERROR in ch.qos.logback.core.joran.spi.Interpreter@6:107 - no applicable action for [springProperty], current ElementPath  is [[configuration][springProperty]]
ERROR in ch.qos.logback.core.joran.spi.Interpreter@7:105 - no applicable action for [springProperty], current ElementPath  is [[configuration][springProperty]]
ERROR in ch.qos.logback.core.joran.util.PropertySetter@4e9ba398 - Failed to invoke valueOf{} method in class [ch.qos.logback.core.util.FileSize] with value [LOG_MAXFILESIZE_IS_UNDEFINED]
ERROR in ch.qos.logback.core.rolling.SizeAndTimeBasedFNATP@527740a2 - maxFileSize property is mandatory.
	at org.springframework.boot.logging.logback.LogbackLoggingSystem.loadConfiguration(LogbackLoggingSystem.java:175)
	at org.springframework.boot.logging.AbstractLoggingSystem.initializeWithSpecificConfig(AbstractLoggingSystem.java:66)
	at org.springframework.boot.logging.AbstractLoggingSystem.initialize(AbstractLoggingSystem.java:57)
	at org.springframework.boot.logging.logback.LogbackLoggingSystem.initialize(LogbackLoggingSystem.java:131)
	at org.springframework.boot.context.logging.LoggingApplicationListener.initializeSystem(LoggingApplicationListener.java:315)
	... 18 common frames omitted

[KotlinSpringBoot-ServerIP_IS_UNDEFINED-ServerPort_IS_UNDEFINED] 2020-12-18 16:44:13.593 ERROR 29584 [main] org.springframework.boot.SpringApplication Application run failed

java.lang.IllegalStateException: java.lang.IllegalStateException: Logback configuration error detected: 
ERROR in ch.qos.logback.core.joran.spi.Interpreter@4:87 - no applicable action for [springProperty], current ElementPath  is [[configuration][springProperty]]
ERROR in ch.qos.logback.core.joran.spi.Interpreter@6:107 - no applicable action for [springProperty], current ElementPath  is [[configuration][springProperty]]
ERROR in ch.qos.logback.core.joran.spi.Interpreter@7:105 - no applicable action for [springProperty], current ElementPath  is [[configuration][springProperty]]
ERROR in ch.qos.logback.core.joran.util.PropertySetter@4e9ba398 - Failed to invoke valueOf{} method in class [ch.qos.logback.core.util.FileSize] with value [LOG_MAXFILESIZE_IS_UNDEFINED]
ERROR in ch.qos.logback.core.rolling.SizeAndTimeBasedFNATP@527740a2 - maxFileSize property is mandatory.
	at org.springframework.boot.context.logging.LoggingApplicationListener.initializeSystem(LoggingApplicationListener.java:327)
	at org.springframework.boot.context.logging.LoggingApplicationListener.initialize(LoggingApplicationListener.java:281)
	at org.springframework.boot.context.logging.LoggingApplicationListener.onApplicationEnvironmentPreparedEvent(LoggingApplicationListener.java:239)
	at org.springframework.boot.context.logging.LoggingApplicationListener.onApplicationEvent(LoggingApplicationListener.java:216)
	at org.springframework.context.event.SimpleApplicationEventMulticaster.doInvokeListener(SimpleApplicationEventMulticaster.java:172)
	at org.springframework.context.event.SimpleApplicationEventMulticaster.invokeListener(SimpleApplicationEventMulticaster.java:165)
	at org.springframework.context.event.SimpleApplicationEventMulticaster.multicastEvent(SimpleApplicationEventMulticaster.java:139)
	at org.springframework.context.event.SimpleApplicationEventMulticaster.multicastEvent(SimpleApplicationEventMulticaster.java:127)
	at org.springframework.boot.context.event.EventPublishingRunListener.environmentPrepared(EventPublishingRunListener.java:82)
	at org.springframework.boot.SpringApplicationRunListeners.lambda$environmentPrepared$2(SpringApplicationRunListeners.java:63)
	at java.util.ArrayList.forEach(ArrayList.java:1259)
	at org.springframework.boot.SpringApplicationRunListeners.doWithListeners(SpringApplicationRunListeners.java:117)
	at org.springframework.boot.SpringApplicationRunListeners.doWithListeners(SpringApplicationRunListeners.java:111)
	at org.springframework.boot.SpringApplicationRunListeners.environmentPrepared(SpringApplicationRunListeners.java:62)
	at org.springframework.boot.SpringApplication.prepareEnvironment(SpringApplication.java:362)
	at org.springframework.boot.SpringApplication.run(SpringApplication.java:320)
	at org.springframework.boot.SpringApplication.run(SpringApplication.java:1309)
	at org.springframework.boot.SpringApplication.run(SpringApplication.java:1298)
	at com.wang.webapp.WebappApplicationKt.main(WebappApplication.kt:13)
Caused by: java.lang.IllegalStateException: Logback configuration error detected: 
ERROR in ch.qos.logback.core.joran.spi.Interpreter@4:87 - no applicable action for [springProperty], current ElementPath  is [[configuration][springProperty]]
ERROR in ch.qos.logback.core.joran.spi.Interpreter@6:107 - no applicable action for [springProperty], current ElementPath  is [[configuration][springProperty]]
ERROR in ch.qos.logback.core.joran.spi.Interpreter@7:105 - no applicable action for [springProperty], current ElementPath  is [[configuration][springProperty]]
ERROR in ch.qos.logback.core.joran.util.PropertySetter@4e9ba398 - Failed to invoke valueOf{} method in class [ch.qos.logback.core.util.FileSize] with value [LOG_MAXFILESIZE_IS_UNDEFINED]
ERROR in ch.qos.logback.core.rolling.SizeAndTimeBasedFNATP@527740a2 - maxFileSize property is mandatory.
	at org.springframework.boot.logging.logback.LogbackLoggingSystem.loadConfiguration(LogbackLoggingSystem.java:175)
	at org.springframework.boot.logging.AbstractLoggingSystem.initializeWithSpecificConfig(AbstractLoggingSystem.java:66)
	at org.springframework.boot.logging.AbstractLoggingSystem.initialize(AbstractLoggingSystem.java:57)
	at org.springframework.boot.logging.logback.LogbackLoggingSystem.initialize(LogbackLoggingSystem.java:131)
	at org.springframework.boot.context.logging.LoggingApplicationListener.initializeSystem(LoggingApplicationListener.java:315)
	... 18 common frames omitted

